#
# There is insufficient memory for the Java Runtime Environment to continue.
# Native memory allocation (malloc) failed to allocate 2217776 bytes for Chunk::new
# Possible reasons:
#   The system is out of physical RAM or swap space
#   The process is running with CompressedOops enabled, and the Java Heap may be blocking the growth of the native heap
# Possible solutions:
#   Reduce memory load on the system
#   Increase physical memory or swap space
#   Check if swap backing store is full
#   Decrease Java heap size (-Xmx/-Xms)
#   Decrease number of Java threads
#   Decrease Java thread stack sizes (-Xss)
#   Set larger code cache with -XX:ReservedCodeCacheSize=
#   JVM is running with Unscaled Compressed Oops mode in which the Java heap is
#     placed in the first 4GB address space. The Java Heap base address is the
#     maximum limit for the native heap growth. Please use -XX:HeapBaseMinAddress
#     to set the Java Heap base and to place the Java Heap above 4GB virtual address.
# This output file may be truncated or incomplete.
#
#  Out of Memory Error (arena.cpp:189), pid=17452, tid=12104
#
# JRE version: OpenJDK Runtime Environment (17.0.6) (build 17.0.6+0-b2043.56-10027231)
# Java VM: OpenJDK 64-Bit Server VM (17.0.6+0-b2043.56-10027231, mixed mode, tiered, compressed oops, compressed class ptrs, g1 gc, windows-amd64)
# No core dump will be written. Minidumps are not enabled by default on client versions of Windows
#

---------------  S U M M A R Y ------------

Command Line: org.jetbrains.kotlin.cli.jvm.K2JVMCompiler @C:\Users\OMER_\AndroidStudioProjects\project_aksis\app\build\20250309_15563680782829700482.compiler.options

Host: AMD Ryzen 5 5600H with Radeon Graphics         , 12 cores, 7G,  Windows 11 , 64 bit Build 22621 (10.0.22621.4830)
Time: Sun Mar  9 06:17:38 2025 Türkiye Standart Saati elapsed time: 6.952779 seconds (0d 0h 0m 6s)

---------------  T H R E A D  ---------------

Current thread (0x000002704ec3d020):  JavaThread "C2 CompilerThread0" daemon [_thread_in_native, id=12104, stack(0x000000755ce00000,0x000000755cf00000)]


Current CompileTask:
C2:   6952 10799   !   4       jdk.internal.loader.BuiltinClassLoader::loadClassOrNull (143 bytes)

Stack: [0x000000755ce00000,0x000000755cf00000]
Native frames: (J=compiled Java code, j=interpreted, Vv=VM code, C=native code)
V  [jvm.dll+0x683c9a]
V  [jvm.dll+0x8427a4]
V  [jvm.dll+0x843f9e]
V  [jvm.dll+0x844603]
V  [jvm.dll+0x249b75]
V  [jvm.dll+0xabcac]
V  [jvm.dll+0xac27c]
V  [jvm.dll+0x368802]
V  [jvm.dll+0x332f31]
V  [jvm.dll+0x3323da]
V  [jvm.dll+0x21c201]
V  [jvm.dll+0x21b621]
V  [jvm.dll+0x1a4fdd]
V  [jvm.dll+0x22b098]
V  [jvm.dll+0x229159]
V  [jvm.dll+0x7f81ec]
V  [jvm.dll+0x7f274a]
V  [jvm.dll+0x682ad5]
C  [ucrtbase.dll+0x29333]
C  [KERNEL32.DLL+0x1259d]
C  [ntdll.dll+0x5af38]


---------------  P R O C E S S  ---------------

Threads class SMR info:
_java_thread_list=0x00000270550c8b30, length=12, elements={
0x000002703261c920, 0x000002704ec30270, 0x000002704ec30ee0, 0x000002704e26c520,
0x000002704e26e040, 0x000002704e26e9f0, 0x000002704ec3c340, 0x000002704ec3d020,
0x000002704ec3dac0, 0x000002704ec419b0, 0x000002704edbbf50, 0x000002704edc5490
}

Java Threads: ( => current thread )
  0x000002703261c920 JavaThread "main" [_thread_in_vm, id=21192, stack(0x000000755c100000,0x000000755c200000)]
  0x000002704ec30270 JavaThread "Reference Handler" daemon [_thread_blocked, id=10784, stack(0x000000755c800000,0x000000755c900000)]
  0x000002704ec30ee0 JavaThread "Finalizer" daemon [_thread_blocked, id=3716, stack(0x000000755c900000,0x000000755ca00000)]
  0x000002704e26c520 JavaThread "Signal Dispatcher" daemon [_thread_blocked, id=2604, stack(0x000000755ca00000,0x000000755cb00000)]
  0x000002704e26e040 JavaThread "Attach Listener" daemon [_thread_blocked, id=27568, stack(0x000000755cb00000,0x000000755cc00000)]
  0x000002704e26e9f0 JavaThread "Service Thread" daemon [_thread_blocked, id=20016, stack(0x000000755cc00000,0x000000755cd00000)]
  0x000002704ec3c340 JavaThread "Monitor Deflation Thread" daemon [_thread_blocked, id=18644, stack(0x000000755cd00000,0x000000755ce00000)]
=>0x000002704ec3d020 JavaThread "C2 CompilerThread0" daemon [_thread_in_native, id=12104, stack(0x000000755ce00000,0x000000755cf00000)]
  0x000002704ec3dac0 JavaThread "C1 CompilerThread0" daemon [_thread_blocked, id=16408, stack(0x000000755cf00000,0x000000755d000000)]
  0x000002704ec419b0 JavaThread "Sweeper thread" daemon [_thread_blocked, id=21768, stack(0x000000755d000000,0x000000755d100000)]
  0x000002704edbbf50 JavaThread "Notification Thread" daemon [_thread_blocked, id=26124, stack(0x000000755d100000,0x000000755d200000)]
  0x000002704edc5490 JavaThread "Common-Cleaner" daemon [_thread_blocked, id=15048, stack(0x000000755d300000,0x000000755d400000)]

Other Threads:
  0x000002704ec0c0b0 VMThread "VM Thread" [stack: 0x000000755c700000,0x000000755c800000] [id=20360]
  0x000002704ecf3ab0 WatcherThread [stack: 0x000000755d200000,0x000000755d300000] [id=5384]
  0x0000027032675a50 GCTaskThread "GC Thread#0" [stack: 0x000000755c200000,0x000000755c300000] [id=26308]
  0x000002704f4413e0 GCTaskThread "GC Thread#1" [stack: 0x000000755d500000,0x000000755d600000] [id=15976]
  0x000002704f4b5d70 GCTaskThread "GC Thread#2" [stack: 0x000000755d600000,0x000000755d700000] [id=9264]
  0x000002704f4b6020 GCTaskThread "GC Thread#3" [stack: 0x000000755d700000,0x000000755d800000] [id=9548]
  0x000002704f4b6af0 GCTaskThread "GC Thread#4" [stack: 0x000000755d800000,0x000000755d900000] [id=17196]
  0x000002704f4b75b0 GCTaskThread "GC Thread#5" [stack: 0x000000755d900000,0x000000755da00000] [id=16576]
  0x0000027050966ca0 GCTaskThread "GC Thread#6" [stack: 0x000000755da00000,0x000000755db00000] [id=12788]
  0x000002705093e9f0 GCTaskThread "GC Thread#7" [stack: 0x000000755db00000,0x000000755dc00000] [id=27020]
  0x000002704f718780 GCTaskThread "GC Thread#8" [stack: 0x000000755dc00000,0x000000755dd00000] [id=3124]
  0x000002704f4b2680 GCTaskThread "GC Thread#9" [stack: 0x000000755e000000,0x000000755e100000] [id=27260]
  0x0000027032685c70 ConcurrentGCThread "G1 Main Marker" [stack: 0x000000755c300000,0x000000755c400000] [id=25284]
  0x0000027032686680 ConcurrentGCThread "G1 Conc#0" [stack: 0x000000755c400000,0x000000755c500000] [id=5412]
  0x000002704f4b2930 ConcurrentGCThread "G1 Conc#1" [stack: 0x000000755dd00000,0x000000755de00000] [id=3452]
  0x000002704f4b1e70 ConcurrentGCThread "G1 Conc#2" [stack: 0x000000755de00000,0x000000755df00000] [id=10160]
  0x000002704e0bc5c0 ConcurrentGCThread "G1 Refine#0" [stack: 0x000000755c500000,0x000000755c600000] [id=14416]
  0x0000027050e69d60 ConcurrentGCThread "G1 Refine#1" [stack: 0x000000755e100000,0x000000755e200000] [id=20400]
  0x0000027050e01a00 ConcurrentGCThread "G1 Refine#2" [stack: 0x000000755e200000,0x000000755e300000] [id=23916]
  0x000002705089d110 ConcurrentGCThread "G1 Refine#3" [stack: 0x000000755e300000,0x000000755e400000] [id=6432]
  0x00000270512e2c90 ConcurrentGCThread "G1 Refine#4" [stack: 0x000000755e400000,0x000000755e500000] [id=26700]
  0x0000027050ba7d30 ConcurrentGCThread "G1 Refine#5" [stack: 0x000000755e500000,0x000000755e600000] [id=20952]
  0x000002704e0bcfe0 ConcurrentGCThread "G1 Service" [stack: 0x000000755c600000,0x000000755c700000] [id=8692]

Threads with active compile tasks:
C2 CompilerThread0     6988 10799   !   4       jdk.internal.loader.BuiltinClassLoader::loadClassOrNull (143 bytes)

VM state: not at safepoint (normal execution)

VM Mutex/Monitor currently owned by a thread: None

Heap address: 0x000000008a600000, size: 1882 MB, Compressed Oops mode: 32-bit

CDS archive(s) not mapped
Compressed class space mapped at: 0x0000000100000000-0x0000000140000000, reserved size: 1073741824
Narrow klass base: 0x0000000000000000, Narrow klass shift: 3, Narrow klass range: 0x140000000

GC Precious Log:
 CPUs: 12 total, 12 available
 Memory: 7521M
 Large Page Support: Disabled
 NUMA Support: Disabled
 Compressed Oops: Enabled (32-bit)
 Heap Region Size: 1M
 Heap Min Capacity: 8M
 Heap Initial Capacity: 118M
 Heap Max Capacity: 1882M
 Pre-touch: Disabled
 Parallel Workers: 10
 Concurrent Workers: 3
 Concurrent Refinement Workers: 10
 Periodic GC: Disabled

Heap:
 garbage-first heap   total 191488K, used 103699K [0x000000008a600000, 0x0000000100000000)
  region size 1024K, 41 young (41984K), 2 survivors (2048K)
 Metaspace       used 81888K, committed 82304K, reserved 1122304K
  class space    used 9285K, committed 9472K, reserved 1048576K

Heap Regions: E=young(eden), S=young(survivor), O=old, HS=humongous(starts), HC=humongous(continues), CS=collection set, F=free, OA=open archive, CA=closed archive, TAMS=top-at-mark-start (previous, next)
|   0|0x000000008a600000, 0x000000008a700000, 0x000000008a700000|100%|HS|  |TAMS 0x000000008a700000, 0x000000008a600000| Complete 
|   1|0x000000008a700000, 0x000000008a800000, 0x000000008a800000|100%|HC|  |TAMS 0x000000008a800000, 0x000000008a700000| Complete 
|   2|0x000000008a800000, 0x000000008a900000, 0x000000008a900000|100%|HC|  |TAMS 0x000000008a900000, 0x000000008a800000| Complete 
|   3|0x000000008a900000, 0x000000008aa00000, 0x000000008aa00000|100%| O|  |TAMS 0x000000008aa00000, 0x000000008a900000| Untracked 
|   4|0x000000008aa00000, 0x000000008aae1c00, 0x000000008ab00000| 88%| O|  |TAMS 0x000000008aae1c00, 0x000000008aa00000| Untracked 
|   5|0x000000008ab00000, 0x000000008ac00000, 0x000000008ac00000|100%|HS|  |TAMS 0x000000008ac00000, 0x000000008ab00000| Complete 
|   6|0x000000008ac00000, 0x000000008ad00000, 0x000000008ad00000|100%| O|  |TAMS 0x000000008ad00000, 0x000000008ac00000| Untracked 
|   7|0x000000008ad00000, 0x000000008ae00000, 0x000000008ae00000|100%| O|  |TAMS 0x000000008ae00000, 0x000000008ad00000| Untracked 
|   8|0x000000008ae00000, 0x000000008af00000, 0x000000008af00000|100%| O|  |TAMS 0x000000008af00000, 0x000000008ae00000| Untracked 
|   9|0x000000008af00000, 0x000000008b000000, 0x000000008b000000|100%| O|  |TAMS 0x000000008b000000, 0x000000008af00000| Untracked 
|  10|0x000000008b000000, 0x000000008b100000, 0x000000008b100000|100%| O|  |TAMS 0x000000008b100000, 0x000000008b000000| Untracked 
|  11|0x000000008b100000, 0x000000008b200000, 0x000000008b200000|100%| O|  |TAMS 0x000000008b200000, 0x000000008b100000| Untracked 
|  12|0x000000008b200000, 0x000000008b300000, 0x000000008b300000|100%| O|  |TAMS 0x000000008b300000, 0x000000008b200000| Untracked 
|  13|0x000000008b300000, 0x000000008b400000, 0x000000008b400000|100%| O|  |TAMS 0x000000008b400000, 0x000000008b300000| Untracked 
|  14|0x000000008b400000, 0x000000008b500000, 0x000000008b500000|100%| O|  |TAMS 0x000000008b500000, 0x000000008b400000| Untracked 
|  15|0x000000008b500000, 0x000000008b600000, 0x000000008b600000|100%| O|  |TAMS 0x000000008b600000, 0x000000008b500000| Untracked 
|  16|0x000000008b600000, 0x000000008b700000, 0x000000008b700000|100%| O|  |TAMS 0x000000008b700000, 0x000000008b600000| Untracked 
|  17|0x000000008b700000, 0x000000008b800000, 0x000000008b800000|100%| O|  |TAMS 0x000000008b800000, 0x000000008b700000| Untracked 
|  18|0x000000008b800000, 0x000000008b900000, 0x000000008b900000|100%| O|  |TAMS 0x000000008b900000, 0x000000008b800000| Untracked 
|  19|0x000000008b900000, 0x000000008ba00000, 0x000000008ba00000|100%|HS|  |TAMS 0x000000008ba00000, 0x000000008b900000| Complete 
|  20|0x000000008ba00000, 0x000000008bb00000, 0x000000008bb00000|100%|HC|  |TAMS 0x000000008bb00000, 0x000000008ba00000| Complete 
|  21|0x000000008bb00000, 0x000000008bc00000, 0x000000008bc00000|100%| O|  |TAMS 0x000000008bc00000, 0x000000008bb00000| Untracked 
|  22|0x000000008bc00000, 0x000000008bd00000, 0x000000008bd00000|100%| O|  |TAMS 0x000000008bd00000, 0x000000008bc00000| Untracked 
|  23|0x000000008bd00000, 0x000000008be00000, 0x000000008be00000|100%| O|  |TAMS 0x000000008be00000, 0x000000008bd00000| Untracked 
|  24|0x000000008be00000, 0x000000008bf00000, 0x000000008bf00000|100%| O|  |TAMS 0x000000008bf00000, 0x000000008be00000| Untracked 
|  25|0x000000008bf00000, 0x000000008c000000, 0x000000008c000000|100%| O|  |TAMS 0x000000008c000000, 0x000000008bf00000| Untracked 
|  26|0x000000008c000000, 0x000000008c100000, 0x000000008c100000|100%| O|  |TAMS 0x000000008c100000, 0x000000008c000000| Untracked 
|  27|0x000000008c100000, 0x000000008c200000, 0x000000008c200000|100%| O|  |TAMS 0x000000008c200000, 0x000000008c100000| Untracked 
|  28|0x000000008c200000, 0x000000008c300000, 0x000000008c300000|100%| O|  |TAMS 0x000000008c300000, 0x000000008c200000| Untracked 
|  29|0x000000008c300000, 0x000000008c400000, 0x000000008c400000|100%| O|  |TAMS 0x000000008c400000, 0x000000008c300000| Untracked 
|  30|0x000000008c400000, 0x000000008c500000, 0x000000008c500000|100%| O|  |TAMS 0x000000008c500000, 0x000000008c400000| Untracked 
|  31|0x000000008c500000, 0x000000008c600000, 0x000000008c600000|100%| O|  |TAMS 0x000000008c600000, 0x000000008c500000| Untracked 
|  32|0x000000008c600000, 0x000000008c700000, 0x000000008c700000|100%| O|  |TAMS 0x000000008c700000, 0x000000008c600000| Untracked 
|  33|0x000000008c700000, 0x000000008c800000, 0x000000008c800000|100%| O|  |TAMS 0x000000008c800000, 0x000000008c700000| Untracked 
|  34|0x000000008c800000, 0x000000008c900000, 0x000000008c900000|100%| O|  |TAMS 0x000000008c900000, 0x000000008c800000| Untracked 
|  35|0x000000008c900000, 0x000000008ca00000, 0x000000008ca00000|100%| O|  |TAMS 0x000000008ca00000, 0x000000008c900000| Untracked 
|  36|0x000000008ca00000, 0x000000008cb00000, 0x000000008cb00000|100%| O|  |TAMS 0x000000008cb00000, 0x000000008ca00000| Untracked 
|  37|0x000000008cb00000, 0x000000008cc00000, 0x000000008cc00000|100%| O|  |TAMS 0x000000008cc00000, 0x000000008cb00000| Untracked 
|  38|0x000000008cc00000, 0x000000008cd00000, 0x000000008cd00000|100%| O|  |TAMS 0x000000008cd00000, 0x000000008cc00000| Untracked 
|  39|0x000000008cd00000, 0x000000008ce00000, 0x000000008ce00000|100%| O|  |TAMS 0x000000008ce00000, 0x000000008cd00000| Untracked 
|  40|0x000000008ce00000, 0x000000008cf00000, 0x000000008cf00000|100%| O|  |TAMS 0x000000008cf00000, 0x000000008ce00000| Untracked 
|  41|0x000000008cf00000, 0x000000008d000000, 0x000000008d000000|100%| O|  |TAMS 0x000000008d000000, 0x000000008cf00000| Untracked 
|  42|0x000000008d000000, 0x000000008d100000, 0x000000008d100000|100%| O|  |TAMS 0x000000008d100000, 0x000000008d000000| Untracked 
|  43|0x000000008d100000, 0x000000008d200000, 0x000000008d200000|100%| O|  |TAMS 0x000000008d200000, 0x000000008d100000| Untracked 
|  44|0x000000008d200000, 0x000000008d300000, 0x000000008d300000|100%| O|  |TAMS 0x000000008d300000, 0x000000008d200000| Untracked 
|  45|0x000000008d300000, 0x000000008d400000, 0x000000008d400000|100%| O|  |TAMS 0x000000008d300000, 0x000000008d300000| Untracked 
|  46|0x000000008d400000, 0x000000008d500000, 0x000000008d500000|100%| O|  |TAMS 0x000000008d500000, 0x000000008d400000| Untracked 
|  47|0x000000008d500000, 0x000000008d600000, 0x000000008d600000|100%| O|  |TAMS 0x000000008d600000, 0x000000008d500000| Untracked 
|  48|0x000000008d600000, 0x000000008d700000, 0x000000008d700000|100%| O|  |TAMS 0x000000008d700000, 0x000000008d600000| Untracked 
|  49|0x000000008d700000, 0x000000008d800000, 0x000000008d800000|100%| O|  |TAMS 0x000000008d800000, 0x000000008d700000| Untracked 
|  50|0x000000008d800000, 0x000000008d900000, 0x000000008d900000|100%| O|  |TAMS 0x000000008d900000, 0x000000008d800000| Untracked 
|  51|0x000000008d900000, 0x000000008d900000, 0x000000008da00000|  0%| F|  |TAMS 0x000000008d900000, 0x000000008d900000| Untracked 
|  52|0x000000008da00000, 0x000000008db00000, 0x000000008db00000|100%| O|  |TAMS 0x000000008da00000, 0x000000008da00000| Untracked 
|  53|0x000000008db00000, 0x000000008dc00000, 0x000000008dc00000|100%| O|  |TAMS 0x000000008db00000, 0x000000008db00000| Untracked 
|  54|0x000000008dc00000, 0x000000008dd00000, 0x000000008dd00000|100%| O|  |TAMS 0x000000008dc00000, 0x000000008dc00000| Untracked 
|  55|0x000000008dd00000, 0x000000008de00000, 0x000000008de00000|100%| O|  |TAMS 0x000000008dd00000, 0x000000008dd00000| Untracked 
|  56|0x000000008de00000, 0x000000008df00000, 0x000000008df00000|100%| O|  |TAMS 0x000000008de00000, 0x000000008de00000| Untracked 
|  57|0x000000008df00000, 0x000000008e000000, 0x000000008e000000|100%| O|  |TAMS 0x000000008df00000, 0x000000008df00000| Untracked 
|  58|0x000000008e000000, 0x000000008e100000, 0x000000008e100000|100%| O|  |TAMS 0x000000008e000000, 0x000000008e000000| Untracked 
|  59|0x000000008e100000, 0x000000008e200000, 0x000000008e200000|100%| O|  |TAMS 0x000000008e100000, 0x000000008e100000| Untracked 
|  60|0x000000008e200000, 0x000000008e300000, 0x000000008e300000|100%| O|  |TAMS 0x000000008e200000, 0x000000008e200000| Untracked 
|  61|0x000000008e300000, 0x000000008e400000, 0x000000008e400000|100%| O|  |TAMS 0x000000008e300000, 0x000000008e300000| Untracked 
|  62|0x000000008e400000, 0x000000008e4ee400, 0x000000008e500000| 93%| O|  |TAMS 0x000000008e400000, 0x000000008e400000| Untracked 
|  63|0x000000008e500000, 0x000000008e500000, 0x000000008e600000|  0%| F|  |TAMS 0x000000008e500000, 0x000000008e500000| Untracked 
|  64|0x000000008e600000, 0x000000008e600000, 0x000000008e700000|  0%| F|  |TAMS 0x000000008e600000, 0x000000008e600000| Untracked 
|  65|0x000000008e700000, 0x000000008e700000, 0x000000008e800000|  0%| F|  |TAMS 0x000000008e700000, 0x000000008e700000| Untracked 
|  66|0x000000008e800000, 0x000000008e800000, 0x000000008e900000|  0%| F|  |TAMS 0x000000008e800000, 0x000000008e800000| Untracked 
|  67|0x000000008e900000, 0x000000008e900000, 0x000000008ea00000|  0%| F|  |TAMS 0x000000008e900000, 0x000000008e900000| Untracked 
|  68|0x000000008ea00000, 0x000000008ea00000, 0x000000008eb00000|  0%| F|  |TAMS 0x000000008ea00000, 0x000000008ea00000| Untracked 
|  69|0x000000008eb00000, 0x000000008eb00000, 0x000000008ec00000|  0%| F|  |TAMS 0x000000008eb00000, 0x000000008eb00000| Untracked 
|  70|0x000000008ec00000, 0x000000008ec00000, 0x000000008ed00000|  0%| F|  |TAMS 0x000000008ec00000, 0x000000008ec00000| Untracked 
|  71|0x000000008ed00000, 0x000000008ed00000, 0x000000008ee00000|  0%| F|  |TAMS 0x000000008ed00000, 0x000000008ed00000| Untracked 
|  72|0x000000008ee00000, 0x000000008ee00000, 0x000000008ef00000|  0%| F|  |TAMS 0x000000008ee00000, 0x000000008ee00000| Untracked 
|  73|0x000000008ef00000, 0x000000008ef00000, 0x000000008f000000|  0%| F|  |TAMS 0x000000008ef00000, 0x000000008ef00000| Untracked 
|  74|0x000000008f000000, 0x000000008f000000, 0x000000008f100000|  0%| F|  |TAMS 0x000000008f000000, 0x000000008f000000| Untracked 
|  75|0x000000008f100000, 0x000000008f100000, 0x000000008f200000|  0%| F|  |TAMS 0x000000008f100000, 0x000000008f100000| Untracked 
|  76|0x000000008f200000, 0x000000008f200000, 0x000000008f300000|  0%| F|  |TAMS 0x000000008f200000, 0x000000008f200000| Untracked 
|  77|0x000000008f300000, 0x000000008f300000, 0x000000008f400000|  0%| F|  |TAMS 0x000000008f300000, 0x000000008f300000| Untracked 
|  78|0x000000008f400000, 0x000000008f400000, 0x000000008f500000|  0%| F|  |TAMS 0x000000008f400000, 0x000000008f400000| Untracked 
|  79|0x000000008f500000, 0x000000008f500000, 0x000000008f600000|  0%| F|  |TAMS 0x000000008f500000, 0x000000008f500000| Untracked 
|  80|0x000000008f600000, 0x000000008f600000, 0x000000008f700000|  0%| F|  |TAMS 0x000000008f600000, 0x000000008f600000| Untracked 
|  81|0x000000008f700000, 0x000000008f700000, 0x000000008f800000|  0%| F|  |TAMS 0x000000008f700000, 0x000000008f700000| Untracked 
|  82|0x000000008f800000, 0x000000008f800000, 0x000000008f900000|  0%| F|  |TAMS 0x000000008f800000, 0x000000008f800000| Untracked 
|  83|0x000000008f900000, 0x000000008f900000, 0x000000008fa00000|  0%| F|  |TAMS 0x000000008f900000, 0x000000008f900000| Untracked 
|  84|0x000000008fa00000, 0x000000008fa00000, 0x000000008fb00000|  0%| F|  |TAMS 0x000000008fa00000, 0x000000008fa00000| Untracked 
|  85|0x000000008fb00000, 0x000000008fb00000, 0x000000008fc00000|  0%| F|  |TAMS 0x000000008fb00000, 0x000000008fb00000| Untracked 
|  86|0x000000008fc00000, 0x000000008fc00000, 0x000000008fd00000|  0%| F|  |TAMS 0x000000008fc00000, 0x000000008fc00000| Untracked 
|  87|0x000000008fd00000, 0x000000008fd00000, 0x000000008fe00000|  0%| F|  |TAMS 0x000000008fd00000, 0x000000008fd00000| Untracked 
|  88|0x000000008fe00000, 0x000000008fe00000, 0x000000008ff00000|  0%| F|  |TAMS 0x000000008fe00000, 0x000000008fe00000| Untracked 
|  89|0x000000008ff00000, 0x000000008ff00000, 0x0000000090000000|  0%| F|  |TAMS 0x000000008ff00000, 0x000000008ff00000| Untracked 
|  90|0x0000000090000000, 0x0000000090000000, 0x0000000090100000|  0%| F|  |TAMS 0x0000000090000000, 0x0000000090000000| Untracked 
|  91|0x0000000090100000, 0x0000000090100000, 0x0000000090200000|  0%| F|  |TAMS 0x0000000090100000, 0x0000000090100000| Untracked 
|  92|0x0000000090200000, 0x0000000090200000, 0x0000000090300000|  0%| F|  |TAMS 0x0000000090200000, 0x0000000090200000| Untracked 
|  93|0x0000000090300000, 0x0000000090300000, 0x0000000090400000|  0%| F|  |TAMS 0x0000000090300000, 0x0000000090300000| Untracked 
|  94|0x0000000090400000, 0x0000000090400000, 0x0000000090500000|  0%| F|  |TAMS 0x0000000090400000, 0x0000000090400000| Untracked 
|  95|0x0000000090500000, 0x0000000090500000, 0x0000000090600000|  0%| F|  |TAMS 0x0000000090500000, 0x0000000090500000| Untracked 
|  96|0x0000000090600000, 0x0000000090600000, 0x0000000090700000|  0%| F|  |TAMS 0x0000000090600000, 0x0000000090600000| Untracked 
|  97|0x0000000090700000, 0x0000000090700000, 0x0000000090800000|  0%| F|  |TAMS 0x0000000090700000, 0x0000000090700000| Untracked 
|  98|0x0000000090800000, 0x0000000090800000, 0x0000000090900000|  0%| F|  |TAMS 0x0000000090800000, 0x0000000090800000| Untracked 
|  99|0x0000000090900000, 0x0000000090900000, 0x0000000090a00000|  0%| F|  |TAMS 0x0000000090900000, 0x0000000090900000| Untracked 
| 100|0x0000000090a00000, 0x0000000090a00000, 0x0000000090b00000|  0%| F|  |TAMS 0x0000000090a00000, 0x0000000090a00000| Untracked 
| 101|0x0000000090b00000, 0x0000000090b00000, 0x0000000090c00000|  0%| F|  |TAMS 0x0000000090b00000, 0x0000000090b00000| Untracked 
| 102|0x0000000090c00000, 0x0000000090c00000, 0x0000000090d00000|  0%| F|  |TAMS 0x0000000090c00000, 0x0000000090c00000| Untracked 
| 103|0x0000000090d00000, 0x0000000090d00000, 0x0000000090e00000|  0%| F|  |TAMS 0x0000000090d00000, 0x0000000090d00000| Untracked 
| 104|0x0000000090e00000, 0x0000000090e00000, 0x0000000090f00000|  0%| F|  |TAMS 0x0000000090e00000, 0x0000000090e00000| Untracked 
| 105|0x0000000090f00000, 0x0000000090f00000, 0x0000000091000000|  0%| F|  |TAMS 0x0000000090f00000, 0x0000000090f00000| Untracked 
| 106|0x0000000091000000, 0x0000000091000000, 0x0000000091100000|  0%| F|  |TAMS 0x0000000091000000, 0x0000000091000000| Untracked 
| 107|0x0000000091100000, 0x0000000091100000, 0x0000000091200000|  0%| F|  |TAMS 0x0000000091100000, 0x0000000091100000| Untracked 
| 108|0x0000000091200000, 0x0000000091200000, 0x0000000091300000|  0%| F|  |TAMS 0x0000000091200000, 0x0000000091200000| Untracked 
| 109|0x0000000091300000, 0x0000000091300000, 0x0000000091400000|  0%| F|  |TAMS 0x0000000091300000, 0x0000000091300000| Untracked 
| 110|0x0000000091400000, 0x0000000091400000, 0x0000000091500000|  0%| F|  |TAMS 0x0000000091400000, 0x0000000091400000| Untracked 
| 111|0x0000000091500000, 0x0000000091500000, 0x0000000091600000|  0%| F|  |TAMS 0x0000000091500000, 0x0000000091500000| Untracked 
| 112|0x0000000091600000, 0x0000000091600000, 0x0000000091700000|  0%| F|  |TAMS 0x0000000091600000, 0x0000000091600000| Untracked 
| 113|0x0000000091700000, 0x0000000091700000, 0x0000000091800000|  0%| F|  |TAMS 0x0000000091700000, 0x0000000091700000| Untracked 
| 114|0x0000000091800000, 0x0000000091800000, 0x0000000091900000|  0%| F|  |TAMS 0x0000000091800000, 0x0000000091800000| Untracked 
| 115|0x0000000091900000, 0x0000000091900000, 0x0000000091a00000|  0%| F|  |TAMS 0x0000000091900000, 0x0000000091900000| Untracked 
| 116|0x0000000091a00000, 0x0000000091a00000, 0x0000000091b00000|  0%| F|  |TAMS 0x0000000091a00000, 0x0000000091a00000| Untracked 
| 117|0x0000000091b00000, 0x0000000091b00000, 0x0000000091c00000|  0%| F|  |TAMS 0x0000000091b00000, 0x0000000091b00000| Untracked 
| 118|0x0000000091c00000, 0x0000000091c00000, 0x0000000091d00000|  0%| F|  |TAMS 0x0000000091c00000, 0x0000000091c00000| Untracked 
| 119|0x0000000091d00000, 0x0000000091d00000, 0x0000000091e00000|  0%| F|  |TAMS 0x0000000091d00000, 0x0000000091d00000| Untracked 
| 120|0x0000000091e00000, 0x0000000091e00000, 0x0000000091f00000|  0%| F|  |TAMS 0x0000000091e00000, 0x0000000091e00000| Untracked 
| 121|0x0000000091f00000, 0x0000000091f00000, 0x0000000092000000|  0%| F|  |TAMS 0x0000000091f00000, 0x0000000091f00000| Untracked 
| 122|0x0000000092000000, 0x0000000092000000, 0x0000000092100000|  0%| F|  |TAMS 0x0000000092000000, 0x0000000092000000| Untracked 
| 123|0x0000000092100000, 0x0000000092100000, 0x0000000092200000|  0%| F|  |TAMS 0x0000000092100000, 0x0000000092100000| Untracked 
| 124|0x0000000092200000, 0x0000000092200000, 0x0000000092300000|  0%| F|  |TAMS 0x0000000092200000, 0x0000000092200000| Untracked 
| 125|0x0000000092300000, 0x0000000092300000, 0x0000000092400000|  0%| F|  |TAMS 0x0000000092300000, 0x0000000092300000| Untracked 
| 126|0x0000000092400000, 0x0000000092400000, 0x0000000092500000|  0%| F|  |TAMS 0x0000000092400000, 0x0000000092400000| Untracked 
| 127|0x0000000092500000, 0x0000000092500000, 0x0000000092600000|  0%| F|  |TAMS 0x0000000092500000, 0x0000000092500000| Untracked 
| 128|0x0000000092600000, 0x0000000092600000, 0x0000000092700000|  0%| F|  |TAMS 0x0000000092600000, 0x0000000092600000| Untracked 
| 129|0x0000000092700000, 0x0000000092700000, 0x0000000092800000|  0%| F|  |TAMS 0x0000000092700000, 0x0000000092700000| Untracked 
| 130|0x0000000092800000, 0x0000000092800000, 0x0000000092900000|  0%| F|  |TAMS 0x0000000092800000, 0x0000000092800000| Untracked 
| 131|0x0000000092900000, 0x0000000092900000, 0x0000000092a00000|  0%| F|  |TAMS 0x0000000092900000, 0x0000000092900000| Untracked 
| 132|0x0000000092a00000, 0x0000000092a00000, 0x0000000092b00000|  0%| F|  |TAMS 0x0000000092a00000, 0x0000000092a00000| Untracked 
| 133|0x0000000092b00000, 0x0000000092b00000, 0x0000000092c00000|  0%| F|  |TAMS 0x0000000092b00000, 0x0000000092b00000| Untracked 
| 134|0x0000000092c00000, 0x0000000092c00000, 0x0000000092d00000|  0%| F|  |TAMS 0x0000000092c00000, 0x0000000092c00000| Untracked 
| 135|0x0000000092d00000, 0x0000000092d00000, 0x0000000092e00000|  0%| F|  |TAMS 0x0000000092d00000, 0x0000000092d00000| Untracked 
| 136|0x0000000092e00000, 0x0000000092e00000, 0x0000000092f00000|  0%| F|  |TAMS 0x0000000092e00000, 0x0000000092e00000| Untracked 
| 137|0x0000000092f00000, 0x0000000092f00000, 0x0000000093000000|  0%| F|  |TAMS 0x0000000092f00000, 0x0000000092f00000| Untracked 
| 138|0x0000000093000000, 0x0000000093000000, 0x0000000093100000|  0%| F|  |TAMS 0x0000000093000000, 0x0000000093000000| Untracked 
| 139|0x0000000093100000, 0x0000000093100000, 0x0000000093200000|  0%| F|  |TAMS 0x0000000093100000, 0x0000000093100000| Untracked 
| 140|0x0000000093200000, 0x0000000093200000, 0x0000000093300000|  0%| F|  |TAMS 0x0000000093200000, 0x0000000093200000| Untracked 
| 141|0x0000000093300000, 0x0000000093300000, 0x0000000093400000|  0%| F|  |TAMS 0x0000000093300000, 0x0000000093300000| Untracked 
| 142|0x0000000093400000, 0x0000000093400000, 0x0000000093500000|  0%| F|  |TAMS 0x0000000093400000, 0x0000000093400000| Untracked 
| 143|0x0000000093500000, 0x0000000093500000, 0x0000000093600000|  0%| F|  |TAMS 0x0000000093500000, 0x0000000093500000| Untracked 
| 144|0x0000000093600000, 0x0000000093600000, 0x0000000093700000|  0%| F|  |TAMS 0x0000000093600000, 0x0000000093600000| Untracked 
| 145|0x0000000093700000, 0x0000000093800000, 0x0000000093800000|100%| E|  |TAMS 0x0000000093700000, 0x0000000093700000| Complete 
| 146|0x0000000093800000, 0x0000000093900000, 0x0000000093900000|100%| E|CS|TAMS 0x0000000093800000, 0x0000000093800000| Complete 
| 147|0x0000000093900000, 0x0000000093a00000, 0x0000000093a00000|100%| E|CS|TAMS 0x0000000093900000, 0x0000000093900000| Complete 
| 148|0x0000000093a00000, 0x0000000093b00000, 0x0000000093b00000|100%| E|CS|TAMS 0x0000000093a00000, 0x0000000093a00000| Complete 
| 149|0x0000000093b00000, 0x0000000093c00000, 0x0000000093c00000|100%| E|CS|TAMS 0x0000000093b00000, 0x0000000093b00000| Complete 
| 150|0x0000000093c00000, 0x0000000093d00000, 0x0000000093d00000|100%| E|CS|TAMS 0x0000000093c00000, 0x0000000093c00000| Complete 
| 151|0x0000000093d00000, 0x0000000093e00000, 0x0000000093e00000|100%| E|CS|TAMS 0x0000000093d00000, 0x0000000093d00000| Complete 
| 152|0x0000000093e00000, 0x0000000093f00000, 0x0000000093f00000|100%| E|CS|TAMS 0x0000000093e00000, 0x0000000093e00000| Complete 
| 153|0x0000000093f00000, 0x0000000094000000, 0x0000000094000000|100%| E|CS|TAMS 0x0000000093f00000, 0x0000000093f00000| Complete 
| 154|0x0000000094000000, 0x0000000094100000, 0x0000000094100000|100%| E|CS|TAMS 0x0000000094000000, 0x0000000094000000| Complete 
| 155|0x0000000094100000, 0x0000000094200000, 0x0000000094200000|100%| E|  |TAMS 0x0000000094100000, 0x0000000094100000| Complete 
| 156|0x0000000094200000, 0x0000000094300000, 0x0000000094300000|100%| E|CS|TAMS 0x0000000094200000, 0x0000000094200000| Complete 
| 157|0x0000000094300000, 0x0000000094400000, 0x0000000094400000|100%| E|CS|TAMS 0x0000000094300000, 0x0000000094300000| Complete 
| 158|0x0000000094400000, 0x0000000094500000, 0x0000000094500000|100%| E|CS|TAMS 0x0000000094400000, 0x0000000094400000| Complete 
| 159|0x0000000094500000, 0x0000000094600000, 0x0000000094600000|100%| E|CS|TAMS 0x0000000094500000, 0x0000000094500000| Complete 
| 160|0x0000000094600000, 0x0000000094700000, 0x0000000094700000|100%| E|CS|TAMS 0x0000000094600000, 0x0000000094600000| Complete 
| 161|0x0000000094700000, 0x0000000094800000, 0x0000000094800000|100%| E|CS|TAMS 0x0000000094700000, 0x0000000094700000| Complete 
| 162|0x0000000094800000, 0x0000000094900000, 0x0000000094900000|100%| E|CS|TAMS 0x0000000094800000, 0x0000000094800000| Complete 
| 163|0x0000000094900000, 0x0000000094a00000, 0x0000000094a00000|100%| E|CS|TAMS 0x0000000094900000, 0x0000000094900000| Complete 
| 164|0x0000000094a00000, 0x0000000094b00000, 0x0000000094b00000|100%| E|CS|TAMS 0x0000000094a00000, 0x0000000094a00000| Complete 
| 165|0x0000000094b00000, 0x0000000094c00000, 0x0000000094c00000|100%| E|CS|TAMS 0x0000000094b00000, 0x0000000094b00000| Complete 
| 166|0x0000000094c00000, 0x0000000094d00000, 0x0000000094d00000|100%| E|CS|TAMS 0x0000000094c00000, 0x0000000094c00000| Complete 
| 167|0x0000000094d00000, 0x0000000094e00000, 0x0000000094e00000|100%| E|CS|TAMS 0x0000000094d00000, 0x0000000094d00000| Complete 
| 168|0x0000000094e00000, 0x0000000094f00000, 0x0000000094f00000|100%| E|CS|TAMS 0x0000000094e00000, 0x0000000094e00000| Complete 
| 169|0x0000000094f00000, 0x0000000095000000, 0x0000000095000000|100%| E|CS|TAMS 0x0000000094f00000, 0x0000000094f00000| Complete 
| 170|0x0000000095000000, 0x0000000095100000, 0x0000000095100000|100%| E|CS|TAMS 0x0000000095000000, 0x0000000095000000| Complete 
| 171|0x0000000095100000, 0x0000000095200000, 0x0000000095200000|100%| E|CS|TAMS 0x0000000095100000, 0x0000000095100000| Complete 
| 172|0x0000000095200000, 0x0000000095300000, 0x0000000095300000|100%| E|CS|TAMS 0x0000000095200000, 0x0000000095200000| Complete 
| 173|0x0000000095300000, 0x0000000095400000, 0x0000000095400000|100%| E|CS|TAMS 0x0000000095300000, 0x0000000095300000| Complete 
| 174|0x0000000095400000, 0x0000000095500000, 0x0000000095500000|100%| E|CS|TAMS 0x0000000095400000, 0x0000000095400000| Complete 
| 175|0x0000000095500000, 0x0000000095600000, 0x0000000095600000|100%| E|CS|TAMS 0x0000000095500000, 0x0000000095500000| Complete 
| 176|0x0000000095600000, 0x0000000095700000, 0x0000000095700000|100%| E|CS|TAMS 0x0000000095600000, 0x0000000095600000| Complete 
| 177|0x0000000095700000, 0x0000000095800000, 0x0000000095800000|100%| E|CS|TAMS 0x0000000095700000, 0x0000000095700000| Complete 
| 178|0x0000000095800000, 0x0000000095900000, 0x0000000095900000|100%| E|CS|TAMS 0x0000000095800000, 0x0000000095800000| Complete 
| 179|0x0000000095900000, 0x0000000095a00000, 0x0000000095a00000|100%| E|CS|TAMS 0x0000000095900000, 0x0000000095900000| Complete 
| 180|0x0000000095a00000, 0x0000000095b00000, 0x0000000095b00000|100%| E|CS|TAMS 0x0000000095a00000, 0x0000000095a00000| Complete 
| 181|0x0000000095b00000, 0x0000000095c00000, 0x0000000095c00000|100%| E|CS|TAMS 0x0000000095b00000, 0x0000000095b00000| Complete 
| 182|0x0000000095c00000, 0x0000000095d00000, 0x0000000095d00000|100%| E|CS|TAMS 0x0000000095c00000, 0x0000000095c00000| Complete 
| 183|0x0000000095d00000, 0x0000000095d74dd8, 0x0000000095e00000| 45%| S|CS|TAMS 0x0000000095d00000, 0x0000000095d00000| Complete 
| 184|0x0000000095e00000, 0x0000000095f00000, 0x0000000095f00000|100%| S|CS|TAMS 0x0000000095e00000, 0x0000000095e00000| Complete 
| 192|0x0000000096600000, 0x0000000096700000, 0x0000000096700000|100%| E|CS|TAMS 0x0000000096600000, 0x0000000096600000| Complete 
|1881|0x00000000fff00000, 0x0000000100000000, 0x0000000100000000|100%| O|  |TAMS 0x0000000100000000, 0x00000000fff00000| Untracked 

Card table byte_map: [0x0000027047300000,0x00000270476b0000] _byte_map_base: 0x0000027046ead000

Marking Bits (Prev, Next): (CMBitMap*) 0x00000270326760a0, (CMBitMap*) 0x0000027032676060
 Prev Bits: [0x00000270497d0000, 0x000002704b538000)
 Next Bits: [0x0000027047a60000, 0x00000270497c8000)

Polling page: 0x00000270326e0000

Metaspace:

Usage:
  Non-class:     70.97 MB used.
      Class:      9.08 MB used.
       Both:     80.05 MB used.

Virtual space:
  Non-class space:       72.00 MB reserved,      71.19 MB ( 99%) committed,  9 nodes.
      Class space:        1.00 GB reserved,       9.25 MB ( <1%) committed,  1 nodes.
             Both:        1.07 GB reserved,      80.44 MB (  7%) committed. 

Chunk freelists:
   Non-Class:  640.00 KB
       Class:  2.58 MB
        Both:  3.20 MB

MaxMetaspaceSize: unlimited
CompressedClassSpaceSize: 1.00 GB
Initial GC threshold: 21.00 MB
Current GC threshold: 105.56 MB
CDS: off
MetaspaceReclaimPolicy: balanced
 - commit_granule_bytes: 65536.
 - commit_granule_words: 8192.
 - virtual_space_node_default_size: 1048576.
 - enlarge_chunks_in_place: 1.
 - new_chunks_are_fully_committed: 0.
 - uncommit_free_chunks: 1.
 - use_allocation_guard: 0.
 - handle_deallocations: 1.


Internal statistics:

num_allocs_failed_limit: 3.
num_arena_births: 428.
num_arena_deaths: 0.
num_vsnodes_births: 10.
num_vsnodes_deaths: 0.
num_space_committed: 1285.
num_space_uncommitted: 0.
num_chunks_returned_to_freelist: 3.
num_chunks_taken_from_freelist: 3132.
num_chunk_merges: 3.
num_chunk_splits: 2483.
num_chunks_enlarged: 2160.
num_purges: 0.
num_inconsistent_stats: 0.

CodeHeap 'non-profiled nmethods': size=120000Kb used=5212Kb max_used=5212Kb free=114787Kb
 bounds [0x000002703eda0000, 0x000002703f2c0000, 0x00000270462d0000]
CodeHeap 'profiled nmethods': size=120000Kb used=25202Kb max_used=25202Kb free=94797Kb
 bounds [0x00000270372d0000, 0x0000027038b70000, 0x000002703e800000]
CodeHeap 'non-nmethods': size=5760Kb used=1397Kb max_used=1481Kb free=4362Kb
 bounds [0x000002703e800000, 0x000002703ea70000, 0x000002703eda0000]
 total_blobs=10192 nmethods=9465 adapters=636
 compilation: enabled
              stopped_count=0, restarted_count=0
 full_count=0

Compilation events (20 events):
Event: 6.943 Thread 0x000002704ec3dac0 10847       3       com.sun.tools.javac.util.ArrayUtils::ensureCapacity (30 bytes)
Event: 6.943 Thread 0x000002704ec3dac0 nmethod 10847 0x0000027038b6bd90 code [0x0000027038b6bf60, 0x0000027038b6c2e8]
Event: 6.943 Thread 0x000002704ec3dac0 10848       3       com.sun.tools.javac.util.Name$Table::equals (44 bytes)
Event: 6.943 Thread 0x000002704ec3dac0 nmethod 10848 0x0000027038b6c490 code [0x0000027038b6c640, 0x0000027038b6c8b8]
Event: 6.943 Thread 0x000002704ec3dac0 10850       3       com.sun.tools.javac.util.SharedNameTable$NameImpl::getByteArray (11 bytes)
Event: 6.943 Thread 0x000002704ec3dac0 nmethod 10850 0x0000027038b6ca10 code [0x0000027038b6cba0, 0x0000027038b6cd98]
Event: 6.943 Thread 0x000002704ec3dac0 10852       3       com.sun.tools.javac.util.Convert::chars2utf (159 bytes)
Event: 6.943 Thread 0x000002704ec3dac0 nmethod 10852 0x0000027038b6ce90 code [0x0000027038b6d060, 0x0000027038b6d418]
Event: 6.943 Thread 0x000002704ec3dac0 10849       3       com.sun.tools.javac.util.SharedNameTable$NameImpl::<init> (6 bytes)
Event: 6.943 Thread 0x000002704ec3dac0 nmethod 10849 0x0000027038b6d690 code [0x0000027038b6d840, 0x0000027038b6da58]
Event: 6.943 Thread 0x000002704ec3dac0 10851       1       com.sun.tools.javac.code.Symbol$PackageSymbol::getQualifiedName (5 bytes)
Event: 6.943 Thread 0x000002704ec3dac0 nmethod 10851 0x000002703ef48b90 code [0x000002703ef48d20, 0x000002703ef48df8]
Event: 6.944 Thread 0x000002704ec3dac0 10854       3       java.util.ImmutableCollections$AbstractImmutableList::<init> (5 bytes)
Event: 6.944 Thread 0x000002704ec3dac0 nmethod 10854 0x0000027038b6db90 code [0x0000027038b6dd40, 0x0000027038b6df78]
Event: 6.948 Thread 0x000002704ec3dac0 10855       1       java.lang.reflect.Method::getMethodAccessor (5 bytes)
Event: 6.948 Thread 0x000002704ec3dac0 nmethod 10855 0x000002703ef48590 code [0x000002703ef48720, 0x000002703ef487f8]
Event: 6.948 Thread 0x000002704ec3dac0 10856       3       jdk.internal.reflect.MethodAccessorImpl::<init> (5 bytes)
Event: 6.948 Thread 0x000002704ec3dac0 nmethod 10856 0x0000027038b6e090 code [0x0000027038b6e240, 0x0000027038b6e3f8]
Event: 6.948 Thread 0x000002704ec3dac0 10857       1       jdk.internal.reflect.NativeMethodAccessorImpl::setParent (6 bytes)
Event: 6.948 Thread 0x000002704ec3dac0 nmethod 10857 0x000002703ef48290 code [0x000002703ef48420, 0x000002703ef48538]

GC Heap History (20 events):
Event: 3.259 GC heap before
{Heap before GC invocations=19 (full 0):
 garbage-first heap   total 69632K, used 55287K [0x000000008a600000, 0x0000000100000000)
  region size 1024K, 21 young (21504K), 2 survivors (2048K)
 Metaspace       used 54290K, committed 54592K, reserved 1097728K
  class space    used 6602K, committed 6720K, reserved 1048576K
}
Event: 3.266 GC heap after
{Heap after GC invocations=20 (full 0):
 garbage-first heap   total 69632K, used 38673K [0x000000008a600000, 0x0000000100000000)
  region size 1024K, 3 young (3072K), 3 survivors (3072K)
 Metaspace       used 54290K, committed 54592K, reserved 1097728K
  class space    used 6602K, committed 6720K, reserved 1048576K
}
Event: 3.539 GC heap before
{Heap before GC invocations=20 (full 0):
 garbage-first heap   total 69632K, used 54033K [0x000000008a600000, 0x0000000100000000)
  region size 1024K, 19 young (19456K), 3 survivors (3072K)
 Metaspace       used 55071K, committed 55360K, reserved 1105920K
  class space    used 6640K, committed 6784K, reserved 1048576K
}
Event: 3.547 GC heap after
{Heap after GC invocations=21 (full 0):
 garbage-first heap   total 91136K, used 41836K [0x000000008a600000, 0x0000000100000000)
  region size 1024K, 3 young (3072K), 3 survivors (3072K)
 Metaspace       used 55071K, committed 55360K, reserved 1105920K
  class space    used 6640K, committed 6784K, reserved 1048576K
}
Event: 4.056 GC heap before
{Heap before GC invocations=22 (full 0):
 garbage-first heap   total 91136K, used 70508K [0x000000008a600000, 0x0000000100000000)
  region size 1024K, 31 young (31744K), 3 survivors (3072K)
 Metaspace       used 56687K, committed 57024K, reserved 1105920K
  class space    used 6756K, committed 6912K, reserved 1048576K
}
Event: 4.069 GC heap after
{Heap after GC invocations=23 (full 0):
 garbage-first heap   total 91136K, used 47229K [0x000000008a600000, 0x0000000100000000)
  region size 1024K, 4 young (4096K), 4 survivors (4096K)
 Metaspace       used 56687K, committed 57024K, reserved 1105920K
  class space    used 6756K, committed 6912K, reserved 1048576K
}
Event: 4.080 GC heap before
{Heap before GC invocations=23 (full 0):
 garbage-first heap   total 91136K, used 48253K [0x000000008a600000, 0x0000000100000000)
  region size 1024K, 5 young (5120K), 4 survivors (4096K)
 Metaspace       used 56703K, committed 57024K, reserved 1105920K
  class space    used 6756K, committed 6912K, reserved 1048576K
}
Event: 4.089 GC heap after
{Heap after GC invocations=24 (full 0):
 garbage-first heap   total 91136K, used 47735K [0x000000008a600000, 0x0000000100000000)
  region size 1024K, 1 young (1024K), 1 survivors (1024K)
 Metaspace       used 56703K, committed 57024K, reserved 1105920K
  class space    used 6756K, committed 6912K, reserved 1048576K
}
Event: 4.306 GC heap before
{Heap before GC invocations=24 (full 0):
 garbage-first heap   total 91136K, used 70263K [0x000000008a600000, 0x0000000100000000)
  region size 1024K, 23 young (23552K), 1 survivors (1024K)
 Metaspace       used 57207K, committed 57536K, reserved 1105920K
  class space    used 6790K, committed 6976K, reserved 1048576K
}
Event: 4.316 GC heap after
{Heap after GC invocations=25 (full 0):
 garbage-first heap   total 91136K, used 51513K [0x000000008a600000, 0x0000000100000000)
  region size 1024K, 3 young (3072K), 3 survivors (3072K)
 Metaspace       used 57207K, committed 57536K, reserved 1105920K
  class space    used 6790K, committed 6976K, reserved 1048576K
}
Event: 4.632 GC heap before
{Heap before GC invocations=26 (full 0):
 garbage-first heap   total 91136K, used 70969K [0x000000008a600000, 0x0000000100000000)
  region size 1024K, 22 young (22528K), 3 survivors (3072K)
 Metaspace       used 61373K, committed 61696K, reserved 1105920K
  class space    used 7307K, committed 7424K, reserved 1048576K
}
Event: 4.639 GC heap after
{Heap after GC invocations=27 (full 0):
 garbage-first heap   total 91136K, used 53244K [0x000000008a600000, 0x0000000100000000)
  region size 1024K, 2 young (2048K), 2 survivors (2048K)
 Metaspace       used 61373K, committed 61696K, reserved 1105920K
  class space    used 7307K, committed 7424K, reserved 1048576K
}
Event: 4.666 GC heap before
{Heap before GC invocations=27 (full 0):
 garbage-first heap   total 91136K, used 55292K [0x000000008a600000, 0x0000000100000000)
  region size 1024K, 4 young (4096K), 2 survivors (2048K)
 Metaspace       used 61679K, committed 62016K, reserved 1105920K
  class space    used 7353K, committed 7488K, reserved 1048576K
}
Event: 4.670 GC heap after
{Heap after GC invocations=28 (full 0):
 garbage-first heap   total 91136K, used 53433K [0x000000008a600000, 0x0000000100000000)
  region size 1024K, 1 young (1024K), 1 survivors (1024K)
 Metaspace       used 61679K, committed 62016K, reserved 1105920K
  class space    used 7353K, committed 7488K, reserved 1048576K
}
Event: 4.927 GC heap before
{Heap before GC invocations=28 (full 0):
 garbage-first heap   total 91136K, used 71865K [0x000000008a600000, 0x0000000100000000)
  region size 1024K, 20 young (20480K), 1 survivors (1024K)
 Metaspace       used 64377K, committed 64768K, reserved 1114112K
  class space    used 7611K, committed 7808K, reserved 1048576K
}
Event: 4.933 GC heap after
{Heap after GC invocations=29 (full 0):
 garbage-first heap   total 198656K, used 55940K [0x000000008a600000, 0x0000000100000000)
  region size 1024K, 3 young (3072K), 3 survivors (3072K)
 Metaspace       used 64377K, committed 64768K, reserved 1114112K
  class space    used 7611K, committed 7808K, reserved 1048576K
}
Event: 6.122 GC heap before
{Heap before GC invocations=30 (full 0):
 garbage-first heap   total 191488K, used 146052K [0x000000008a600000, 0x0000000100000000)
  region size 1024K, 91 young (93184K), 3 survivors (3072K)
 Metaspace       used 75398K, committed 75840K, reserved 1122304K
  class space    used 8583K, committed 8768K, reserved 1048576K
}
Event: 6.131 GC heap after
{Heap after GC invocations=31 (full 0):
 garbage-first heap   total 191488K, used 64771K [0x000000008a600000, 0x0000000100000000)
  region size 1024K, 12 young (12288K), 12 survivors (12288K)
 Metaspace       used 75398K, committed 75840K, reserved 1122304K
  class space    used 8583K, committed 8768K, reserved 1048576K
}
Event: 6.151 GC heap before
{Heap before GC invocations=31 (full 0):
 garbage-first heap   total 191488K, used 65795K [0x000000008a600000, 0x0000000100000000)
  region size 1024K, 13 young (13312K), 12 survivors (12288K)
 Metaspace       used 75559K, committed 75968K, reserved 1122304K
  class space    used 8596K, committed 8768K, reserved 1048576K
}
Event: 6.158 GC heap after
{Heap after GC invocations=32 (full 0):
 garbage-first heap   total 191488K, used 65811K [0x000000008a600000, 0x0000000100000000)
  region size 1024K, 2 young (2048K), 2 survivors (2048K)
 Metaspace       used 75559K, committed 75968K, reserved 1122304K
  class space    used 8596K, committed 8768K, reserved 1048576K
}

Dll operation events (2 events):
Event: 0.005 Loaded shared library C:\Program Files\Android\Android Studio\jbr\bin\java.dll
Event: 0.740 Loaded shared library C:\Program Files\Android\Android Studio\jbr\bin\verify.dll

Deoptimization events (20 events):
Event: 6.472 Thread 0x000002703261c920 DEOPT PACKING pc=0x000002703f2965f0 sp=0x000000755c1fcc40
Event: 6.472 Thread 0x000002703261c920 DEOPT UNPACKING pc=0x000002703e8569a3 sp=0x000000755c1fcba8 mode 2
Event: 6.472 Thread 0x000002703261c920 Uncommon trap: trap_request=0xffffffbe fr.pc=0x000002703f2965f0 relative=0x00000000000004d0
Event: 6.472 Thread 0x000002703261c920 Uncommon trap: reason=profile_predicate action=maybe_recompile pc=0x000002703f2965f0 method=jdk.internal.jimage.ImageStringsReader.stringFromByteBufferMatches(Ljava/nio/ByteBuffer;ILjava/lang/String;I)I @ 19 c2
Event: 6.472 Thread 0x000002703261c920 DEOPT PACKING pc=0x000002703f2965f0 sp=0x000000755c1fcc40
Event: 6.472 Thread 0x000002703261c920 DEOPT UNPACKING pc=0x000002703e8569a3 sp=0x000000755c1fcba8 mode 2
Event: 6.472 Thread 0x000002703261c920 Uncommon trap: trap_request=0xffffffbe fr.pc=0x000002703f2965f0 relative=0x00000000000004d0
Event: 6.472 Thread 0x000002703261c920 Uncommon trap: reason=profile_predicate action=maybe_recompile pc=0x000002703f2965f0 method=jdk.internal.jimage.ImageStringsReader.stringFromByteBufferMatches(Ljava/nio/ByteBuffer;ILjava/lang/String;I)I @ 19 c2
Event: 6.472 Thread 0x000002703261c920 DEOPT PACKING pc=0x000002703f2965f0 sp=0x000000755c1fcc40
Event: 6.472 Thread 0x000002703261c920 DEOPT UNPACKING pc=0x000002703e8569a3 sp=0x000000755c1fcba8 mode 2
Event: 6.472 Thread 0x000002703261c920 Uncommon trap: trap_request=0xffffffbe fr.pc=0x000002703f2965f0 relative=0x00000000000004d0
Event: 6.472 Thread 0x000002703261c920 Uncommon trap: reason=profile_predicate action=maybe_recompile pc=0x000002703f2965f0 method=jdk.internal.jimage.ImageStringsReader.stringFromByteBufferMatches(Ljava/nio/ByteBuffer;ILjava/lang/String;I)I @ 19 c2
Event: 6.472 Thread 0x000002703261c920 DEOPT PACKING pc=0x000002703f2965f0 sp=0x000000755c1fcc40
Event: 6.472 Thread 0x000002703261c920 DEOPT UNPACKING pc=0x000002703e8569a3 sp=0x000000755c1fcba8 mode 2
Event: 6.497 Thread 0x000002703261c920 Uncommon trap: trap_request=0x00000076 fr.pc=0x000002703ef759b4 relative=0x0000000000000574
Event: 6.497 Thread 0x000002703261c920 Uncommon trap: reason=unloaded action=reinterpret pc=0x000002703ef759b4 method=java.util.jar.JarFile.getManifestFromReference()Ljava/util/jar/Manifest; @ 69 c2
Event: 6.497 Thread 0x000002703261c920 DEOPT PACKING pc=0x000002703ef759b4 sp=0x000000755c1fd640
Event: 6.497 Thread 0x000002703261c920 DEOPT UNPACKING pc=0x000002703e8569a3 sp=0x000000755c1fd588 mode 2
Event: 6.561 Thread 0x000002703261c920 DEOPT PACKING pc=0x00000270374deb24 sp=0x000000755c1fceb0
Event: 6.561 Thread 0x000002703261c920 DEOPT UNPACKING pc=0x000002703e857143 sp=0x000000755c1fc408 mode 0

Classes unloaded (0 events):
No events

Classes redefined (0 events):
No events

Internal exceptions (20 events):
Event: 3.755 Thread 0x000002703261c920 Exception <a 'java/lang/NoSuchMethodError'{0x000000008f62bdf8}: 'java.lang.Object java.lang.invoke.DirectMethodHandle$Holder.newInvokeSpecial(java.lang.Object, int, java.lang.Object)'> (0x000000008f62bdf8) 
thrown [s\src\hotspot\share\interpreter\linkResolver.cpp, line 771]
Event: 4.054 Thread 0x000002703261c920 Exception <a 'java/lang/NoSuchMethodError'{0x000000008e2de380}: 'java.lang.Object java.lang.invoke.DirectMethodHandle$Holder.invokeStatic(java.lang.Object, java.lang.Object, java.lang.Object, java.lang.Object, java.lang.Object, int, java.lang.Object)'> (0x000000008e2de380) 
thrown [s\src\hotspot\share\interpreter\linkResolver.cpp, line 771]
Event: 4.054 Thread 0x000002703261c920 Exception <a 'java/lang/NoSuchMethodError'{0x000000008e2e8930}: 'java.lang.Object java.lang.invoke.DirectMethodHandle$Holder.newInvokeSpecial(java.lang.Object, java.lang.Object, java.lang.Object, java.lang.Object, java.lang.Object, int, java.lang.Object)'> (0x000000008e2e8930) 
thrown [s\src\hotspot\share\interpreter\linkResolver.cpp, line 771]
Event: 4.054 Thread 0x000002703261c920 Exception <a 'java/lang/NoSuchMethodError'{0x000000008e2edb20}: 'java.lang.Object java.lang.invoke.DirectMethodHandle$Holder.invokeSpecial(java.lang.Object, java.lang.Object, java.lang.Object, java.lang.Object, java.lang.Object, java.lang.Object, int, java.lang.Object)'> (0x000000008e2edb20) 
thrown [s\src\hotspot\share\interpreter\linkResolver.cpp, line 771]
Event: 4.055 Thread 0x000002703261c920 Exception <a 'java/lang/NoSuchMethodError'{0x000000008e2f2698}: 'java.lang.Object java.lang.invoke.Invokers$Holder.linkToTargetMethod(java.lang.Object, java.lang.Object, java.lang.Object, java.lang.Object, int, java.lang.Object, java.lang.Object)'> (0x000000008e2f2698) 
thrown [s\src\hotspot\share\interpreter\linkResolver.cpp, line 771]
Event: 4.262 Thread 0x000002703261c920 Exception <a 'java/lang/NoSuchMethodError'{0x000000008e815b80}: 'java.lang.Object java.lang.invoke.DirectMethodHandle$Holder.newInvokeSpecial(java.lang.Object, java.lang.Object, java.lang.Object, java.lang.Object, java.lang.Object, java.lang.Object, java.lang.Object, java.lang.Object, java.lang.Object, java.lang.Object, java.lang.Object)'> (0x000000008e815b80) 
thrown [s\src\hotspot\share\interpreter\linkResolver.cpp, line 771]
Event: 4.262 Thread 0x000002703261c920 Exception <a 'java/lang/NoSuchMethodError'{0x000000008e81af10}: 'java.lang.Object java.lang.invoke.DirectMethodHandle$Holder.invokeSpecial(java.lang.Object, java.lang.Object, java.lang.Object, java.lang.Object, java.lang.Object, java.lang.Object, java.lang.Object, java.lang.Object, java.lang.Object, java.lang.Object, java.lang.Object, java.lang.Object)'> (0x000000008e81af10) 
thrown [s\src\hotspot\share\interpreter\linkResolver.cpp, line 771]
Event: 4.262 Thread 0x000002703261c920 Exception <a 'java/lang/NoSuchMethodError'{0x000000008e81fb08}: 'java.lang.Object java.lang.invoke.Invokers$Holder.linkToTargetMethod(java.lang.Object, java.lang.Object, java.lang.Object, java.lang.Object, java.lang.Object, java.lang.Object, java.lang.Object, java.lang.Object, java.lang.Object, java.lang.Object, java.lang.Object)'> (0x000000008e81fb08) 
thrown [s\src\hotspot\share\interpreter\linkResolver.cpp, line 771]
Event: 4.456 Thread 0x000002703261c920 Exception <a 'java/lang/NoSuchMethodError'{0x000000008f6e2638}: 'void java.lang.invoke.DirectMethodHandle$Holder.invokeInterface(java.lang.Object, java.lang.Object)'> (0x000000008f6e2638) 
thrown [s\src\hotspot\share\interpreter\linkResolver.cpp, line 771]
Event: 4.472 Thread 0x000002703261c920 Exception <a 'java/lang/NoSuchMethodError'{0x000000008f55eb40}: 'void java.lang.invoke.DirectMethodHandle$Holder.invokeSpecial(java.lang.Object, java.lang.Object, int, java.lang.Object)'> (0x000000008f55eb40) 
thrown [s\src\hotspot\share\interpreter\linkResolver.cpp, line 771]
Event: 4.728 Thread 0x000002703261c920 Exception <a 'java/lang/NoSuchMethodError'{0x000000008f64d070}: 'java.lang.Object java.lang.invoke.DirectMethodHandle$Holder.newInvokeSpecial(java.lang.Object, java.lang.Object, int, int, java.lang.Object, java.lang.Object, java.lang.Object)'> (0x000000008f64d070) 
thrown [s\src\hotspot\share\interpreter\linkResolver.cpp, line 771]
Event: 4.742 Thread 0x000002703261c920 Exception <a 'java/lang/NoSuchMethodError'{0x000000008f572350}: 'java.lang.Object java.lang.invoke.DirectMethodHandle$Holder.newInvokeSpecial(java.lang.Object, java.lang.Object, int, int, java.lang.Object, java.lang.Object, java.lang.Object, java.lang.Object)'> (0x000000008f572350) 
thrown [s\src\hotspot\share\interpreter\linkResolver.cpp, line 771]
Event: 4.744 Thread 0x000002703261c920 Exception <a 'java/lang/NoSuchMethodError'{0x000000008f594090}: 'java.lang.Object java.lang.invoke.DirectMethodHandle$Holder.invokeStatic(java.lang.Object, java.lang.Object, java.lang.Object, int, int, java.lang.Object, java.lang.Object)'> (0x000000008f594090) 
thrown [s\src\hotspot\share\interpreter\linkResolver.cpp, line 771]
Event: 4.744 Thread 0x000002703261c920 Exception <a 'java/lang/NoSuchMethodError'{0x000000008f59d608}: 'java.lang.Object java.lang.invoke.DirectMethodHandle$Holder.newInvokeSpecial(java.lang.Object, java.lang.Object, java.lang.Object, int, int, java.lang.Object)'> (0x000000008f59d608) 
thrown [s\src\hotspot\share\interpreter\linkResolver.cpp, line 771]
Event: 4.745 Thread 0x000002703261c920 Exception <a 'java/lang/NoSuchMethodError'{0x000000008f5a4fa8}: 'java.lang.Object java.lang.invoke.Invokers$Holder.linkToTargetMethod(java.lang.Object, java.lang.Object, int, int, java.lang.Object, java.lang.Object)'> (0x000000008f5a4fa8) 
thrown [s\src\hotspot\share\interpreter\linkResolver.cpp, line 771]
Event: 5.111 Thread 0x000002703261c920 Implicit null exception at 0x000002703f17d497 to 0x000002703f17d754
Event: 5.113 Thread 0x000002703261c920 Implicit null exception at 0x000002703f17964b to 0x000002703f1798cc
Event: 5.828 Thread 0x000002703261c920 Exception <a 'java/lang/NoSuchMethodError'{0x000000009265dbd8}: 'java.lang.Object java.lang.invoke.Invokers$Holder.linkToTargetMethod(java.lang.Object, java.lang.Object, java.lang.Object, java.lang.Object, java.lang.Object, java.lang.Object, int, java.lang.Object)'> (0x000000009265dbd8) 
thrown [s\src\hotspot\share\interpreter\linkResolver.cpp, line 771]
Event: 6.331 Thread 0x000002703261c920 Exception <a 'java/lang/NoSuchMethodError'{0x00000000954d45e8}: 'java.lang.Object java.lang.invoke.DirectMethodHandle$Holder.invokeStatic(java.lang.Object, int, int)'> (0x00000000954d45e8) 
thrown [s\src\hotspot\share\interpreter\linkResolver.cpp, line 771]
Event: 6.944 Thread 0x000002703261c920 Exception <a 'java/lang/NoSuchMethodError'{0x000000009396f100}: 'void java.lang.invoke.DirectMethodHandle$Holder.invokeInterface(java.lang.Object, java.lang.Object, java.lang.Object)'> (0x000000009396f100) 
thrown [s\src\hotspot\share\interpreter\linkResolver.cpp, line 771]

VM Operations (20 events):
Event: 6.122 Executing VM operation: G1CollectForAllocation
Event: 6.131 Executing VM operation: G1CollectForAllocation done
Event: 6.151 Executing VM operation: G1CollectForAllocation
Event: 6.158 Executing VM operation: G1CollectForAllocation done
Event: 6.254 Executing VM operation: ICBufferFull
Event: 6.254 Executing VM operation: ICBufferFull done
Event: 6.374 Executing VM operation: ICBufferFull
Event: 6.375 Executing VM operation: ICBufferFull done
Event: 6.402 Executing VM operation: HandshakeAllThreads
Event: 6.402 Executing VM operation: HandshakeAllThreads done
Event: 6.474 Executing VM operation: HandshakeAllThreads
Event: 6.475 Executing VM operation: HandshakeAllThreads done
Event: 6.486 Executing VM operation: HandshakeAllThreads
Event: 6.486 Executing VM operation: HandshakeAllThreads done
Event: 6.491 Executing VM operation: HandshakeAllThreads
Event: 6.491 Executing VM operation: HandshakeAllThreads done
Event: 6.491 Executing VM operation: HandshakeAllThreads
Event: 6.491 Executing VM operation: HandshakeAllThreads done
Event: 6.620 Executing VM operation: HandshakeAllThreads
Event: 6.620 Executing VM operation: HandshakeAllThreads done

Events (20 events):
Event: 6.621 Thread 0x000002704ec419b0 flushing nmethod 0x000002703ef47f90
Event: 6.621 Thread 0x000002704ec419b0 flushing nmethod 0x000002703ef4a390
Event: 6.621 Thread 0x000002704ec419b0 flushing nmethod 0x000002703ef61c10
Event: 6.621 Thread 0x000002704ec419b0 flushing nmethod 0x000002703f078f10
Event: 6.622 Thread 0x000002704ec419b0 flushing nmethod 0x000002703f169e10
Event: 6.631 Thread 0x000002704ec419b0 flushing nmethod 0x00000270382ce390
Event: 6.631 Thread 0x000002704ec419b0 flushing nmethod 0x000002703831c190
Event: 6.631 Thread 0x000002704ec419b0 flushing nmethod 0x000002703831df90
Event: 6.631 Thread 0x000002704ec419b0 flushing nmethod 0x000002703831ea90
Event: 6.631 Thread 0x000002704ec419b0 flushing nmethod 0x0000027038382010
Event: 6.632 Thread 0x000002704ec419b0 flushing nmethod 0x00000270383eee10
Event: 6.632 Thread 0x000002704ec419b0 flushing nmethod 0x00000270383f0d90
Event: 6.632 Thread 0x000002704ec419b0 flushing nmethod 0x000002703845b610
Event: 6.632 Thread 0x000002704ec419b0 flushing nmethod 0x00000270385a6110
Event: 6.738 Thread 0x0000027050a9a020 Thread exited: 0x0000027050a9a020
Event: 6.768 Thread 0x000002704ee296e0 Thread exited: 0x000002704ee296e0
Event: 6.768 loading class java/nio/file/ClosedFileSystemException
Event: 6.768 loading class java/nio/file/ClosedFileSystemException done
Event: 6.875 loading class java/util/function/BiPredicate
Event: 6.875 loading class java/util/function/BiPredicate done


Dynamic libraries:
0x00007ff6e8c20000 - 0x00007ff6e8c2a000 	C:\Program Files\Android\Android Studio\jbr\bin\java.exe
0x00007ffce8450000 - 0x00007ffce8667000 	C:\Windows\SYSTEM32\ntdll.dll
0x00007ffce6a40000 - 0x00007ffce6b04000 	C:\Windows\System32\KERNEL32.DLL
0x00007ffce5d70000 - 0x00007ffce6140000 	C:\Windows\System32\KERNELBASE.dll
0x00007ffce5a70000 - 0x00007ffce5b81000 	C:\Windows\System32\ucrtbase.dll
0x00007ffcd3440000 - 0x00007ffcd3457000 	C:\Program Files\Android\Android Studio\jbr\bin\jli.dll
0x00007ffcce020000 - 0x00007ffcce03b000 	C:\Program Files\Android\Android Studio\jbr\bin\VCRUNTIME140.dll
0x00007ffce62d0000 - 0x00007ffce647e000 	C:\Windows\System32\USER32.dll
0x00007ffce59c0000 - 0x00007ffce59e6000 	C:\Windows\System32\win32u.dll
0x00007ffce6240000 - 0x00007ffce6269000 	C:\Windows\System32\GDI32.dll
0x00007ffcd30d0000 - 0x00007ffcd3362000 	C:\Windows\WinSxS\amd64_microsoft.windows.common-controls_6595b64144ccf1df_6.0.22621.4830_none_270fe7d773858e80\COMCTL32.dll
0x00007ffce5c50000 - 0x00007ffce5d6b000 	C:\Windows\System32\gdi32full.dll
0x00007ffce7fd0000 - 0x00007ffce8077000 	C:\Windows\System32\msvcrt.dll
0x00007ffce5780000 - 0x00007ffce581a000 	C:\Windows\System32\msvcp_win.dll
0x00007ffce6510000 - 0x00007ffce6541000 	C:\Windows\System32\IMM32.DLL
0x00007ffccf6c0000 - 0x00007ffccf6cc000 	C:\Program Files\Android\Android Studio\jbr\bin\vcruntime140_1.dll
0x00007ffcbc150000 - 0x00007ffcbc1dd000 	C:\Program Files\Android\Android Studio\jbr\bin\msvcp140.dll
0x00007ffc76640000 - 0x00007ffc772ae000 	C:\Program Files\Android\Android Studio\jbr\bin\server\jvm.dll
0x00007ffce7510000 - 0x00007ffce75c1000 	C:\Windows\System32\ADVAPI32.dll
0x00007ffce67d0000 - 0x00007ffce6877000 	C:\Windows\System32\sechost.dll
0x00007ffce5820000 - 0x00007ffce5848000 	C:\Windows\System32\bcrypt.dll
0x00007ffce66b0000 - 0x00007ffce67c4000 	C:\Windows\System32\RPCRT4.dll
0x00007ffcbed30000 - 0x00007ffcbed39000 	C:\Windows\SYSTEM32\WSOCK32.dll
0x00007ffce1720000 - 0x00007ffce1754000 	C:\Windows\SYSTEM32\WINMM.dll
0x00007ffce1200000 - 0x00007ffce120a000 	C:\Windows\SYSTEM32\VERSION.dll
0x00007ffce6490000 - 0x00007ffce6501000 	C:\Windows\System32\WS2_32.dll
0x00007ffce4740000 - 0x00007ffce4758000 	C:\Windows\SYSTEM32\kernel.appcore.dll
0x00007ffce17f0000 - 0x00007ffce17fa000 	C:\Program Files\Android\Android Studio\jbr\bin\jimage.dll
0x00007ffcdd9c0000 - 0x00007ffcddbf2000 	C:\Windows\SYSTEM32\DBGHELP.DLL
0x00007ffce8080000 - 0x00007ffce8410000 	C:\Windows\System32\combase.dll
0x00007ffce6160000 - 0x00007ffce6237000 	C:\Windows\System32\OLEAUT32.dll
0x00007ffccbda0000 - 0x00007ffccbdd2000 	C:\Windows\SYSTEM32\dbgcore.DLL
0x00007ffce59f0000 - 0x00007ffce5a6b000 	C:\Windows\System32\bcryptPrimitives.dll
0x00007ffcd95b0000 - 0x00007ffcd95d5000 	C:\Program Files\Android\Android Studio\jbr\bin\java.dll
0x00007ffcd9430000 - 0x00007ffcd9448000 	C:\Program Files\Android\Android Studio\jbr\bin\zip.dll
0x00007ffce6c90000 - 0x00007ffce7508000 	C:\Windows\System32\SHELL32.dll
0x00007ffce3650000 - 0x00007ffce3f60000 	C:\Windows\SYSTEM32\windows.storage.dll
0x00007ffce3510000 - 0x00007ffce364f000 	C:\Windows\SYSTEM32\wintypes.dll
0x00007ffce6550000 - 0x00007ffce665a000 	C:\Windows\System32\SHCORE.dll
0x00007ffce6270000 - 0x00007ffce62ce000 	C:\Windows\System32\shlwapi.dll
0x00007ffce5630000 - 0x00007ffce565b000 	C:\Windows\SYSTEM32\profapi.dll
0x00007ffcd7f50000 - 0x00007ffcd7f69000 	C:\Program Files\Android\Android Studio\jbr\bin\net.dll
0x00007ffce15f0000 - 0x00007ffce171c000 	C:\Windows\SYSTEM32\WINHTTP.dll
0x00007ffce4bc0000 - 0x00007ffce4c2a000 	C:\Windows\system32\mswsock.dll
0x00007ffcd7ed0000 - 0x00007ffcd7ee6000 	C:\Program Files\Android\Android Studio\jbr\bin\nio.dll
0x00007ffce0cf0000 - 0x00007ffce0d00000 	C:\Program Files\Android\Android Studio\jbr\bin\verify.dll

dbghelp: loaded successfully - version: 4.0.5 - missing functions: none
symbol engine: initialized successfully - sym options: 0x614 - pdb path: .;C:\Program Files\Android\Android Studio\jbr\bin;C:\Windows\SYSTEM32;C:\Windows\WinSxS\amd64_microsoft.windows.common-controls_6595b64144ccf1df_6.0.22621.4830_none_270fe7d773858e80;C:\Program Files\Android\Android Studio\jbr\bin\server

VM Arguments:
java_command: org.jetbrains.kotlin.cli.jvm.K2JVMCompiler @C:\Users\OMER_\AndroidStudioProjects\project_aksis\app\build\20250309_15563680782829700482.compiler.options
java_class_path (initial): C:\Users\OMER_\.gradle\caches\modules-2\files-2.1\org.jetbrains.kotlin\kotlin-compiler-embeddable\2.0.0\1de310de3446414381282ffc46c3ed3919a4d1da\kotlin-compiler-embeddable-2.0.0.jar;C:\Users\OMER_\.gradle\caches\modules-2\files-2.1\org.jetbrains.kotlin\kotlin-stdlib\2.0.0\b48df2c4aede9586cc931ead433bc02d6fd7879e\kotlin-stdlib-2.0.0.jar;C:\Users\OMER_\.gradle\caches\modules-2\files-2.1\org.jetbrains.kotlin\kotlin-script-runtime\2.0.0\fdc27dd047d592fa41d2dfa21e7621287a361612\kotlin-script-runtime-2.0.0.jar;C:\Users\OMER_\.gradle\caches\modules-2\files-2.1\org.jetbrains.kotlin\kotlin-reflect\1.6.10\1cbe9c92c12a94eea200d23c2bbaedaf3daf5132\kotlin-reflect-1.6.10.jar;C:\Users\OMER_\.gradle\caches\modules-2\files-2.1\org.jetbrains.kotlin\kotlin-daemon-embeddable\2.0.0\b39c612768614c4428c96ee9c65477181fffe9d\kotlin-daemon-embeddable-2.0.0.jar;C:\Users\OMER_\.gradle\caches\modules-2\files-2.1\org.jetbrains.intellij.deps\trove4j\1.0.20200330\3afb14d5f9ceb459d724e907a21145e8ff394f02\trove4j-1.0.20200330.jar;C:\Users\OMER_\.gradle\caches\modules-2\files-2.1\org.jetbrains\annotations\13.0\919f0dfe192fb4e063e7dacadee7f8bb9a2672a9\annotations-13.0.jar
Launcher Type: SUN_STANDARD

[Global flags]
     intx CICompilerCount                          = 4                                         {product} {ergonomic}
     uint ConcGCThreads                            = 3                                         {product} {ergonomic}
     uint G1ConcRefinementThreads                  = 10                                        {product} {ergonomic}
   size_t G1HeapRegionSize                         = 1048576                                   {product} {ergonomic}
    uintx GCDrainStackTargetSize                   = 64                                        {product} {ergonomic}
   size_t InitialHeapSize                          = 123731968                                 {product} {ergonomic}
   size_t MarkStackSize                            = 4194304                                   {product} {ergonomic}
   size_t MaxHeapSize                              = 1973420032                                {product} {ergonomic}
   size_t MaxNewSize                               = 1183842304                                {product} {ergonomic}
   size_t MinHeapDeltaBytes                        = 1048576                                   {product} {ergonomic}
   size_t MinHeapSize                              = 8388608                                   {product} {ergonomic}
    uintx NonNMethodCodeHeapSize                   = 5839372                                {pd product} {ergonomic}
    uintx NonProfiledCodeHeapSize                  = 122909434                              {pd product} {ergonomic}
    uintx ProfiledCodeHeapSize                     = 122909434                              {pd product} {ergonomic}
    uintx ReservedCodeCacheSize                    = 251658240                              {pd product} {ergonomic}
     bool SegmentedCodeCache                       = true                                      {product} {ergonomic}
   size_t SoftMaxHeapSize                          = 1973420032                             {manageable} {ergonomic}
     bool UseCompressedClassPointers               = true                           {product lp64_product} {ergonomic}
     bool UseCompressedOops                        = true                           {product lp64_product} {ergonomic}
     bool UseG1GC                                  = true                                      {product} {ergonomic}
     bool UseLargePagesIndividualAllocation        = false                                  {pd product} {ergonomic}

Logging:
Log output configuration:
 #0: stdout all=warning uptime,level,tags
 #1: stderr all=off uptime,level,tags

Environment Variables:
PATH=C:\Program Files\Common Files\Oracle\Java\javapath;C:\Program Files\Python38\Scripts\;C:\Program Files\Python38\;C:\Windows\system32;C:\Windows;C:\Windows\System32\Wbem;C:\Windows\System32\WindowsPowerShell\v1.0\;C:\Windows\System32\OpenSSH\;C:\Program Files (x86)\NVIDIA Corporation\PhysX\Common;C:\Program Files\Git\cmd;C:\Program Files\dotnet\;C:\Program Files (x86)\Windows Kits\10\Windows Performance Toolkit\;C:\Users\OMER_\AppData\Local\Programs\Python\Python312\Scripts\;C:\Users\OMER_\AppData\Local\Programs\Python\Python312\;C:\MinGW\bin;C:\Users\OMER_\AppData\Local\Microsoft\WindowsApps;C:\Users\OMER_\AppData\Local\Programs\Microsoft VS Code\bin;
USERNAME=OMER_
OS=Windows_NT
PROCESSOR_IDENTIFIER=AMD64 Family 25 Model 80 Stepping 0, AuthenticAMD
TMP=C:\Users\OMER_\AppData\Local\Temp
TEMP=C:\Users\OMER_\AppData\Local\Temp


JNI global refs:
JNI global refs: 10, weak refs: 0

JNI global refs memory usage: 843, weak refs: 841


---------------  S Y S T E M  ---------------

OS:
 Windows 11 , 64 bit Build 22621 (10.0.22621.4830)
OS uptime: 3 days 6:16 hours

CPU: total 12 (initial active 12) (12 cores per cpu, 2 threads per core) family 25 model 80 stepping 0 microcode 0x0, cx8, cmov, fxsr, ht, mmx, 3dnowpref, sse, sse2, sse3, ssse3, sse4a, sse4.1, sse4.2, popcnt, lzcnt, tsc, tscinvbit, avx, avx2, aes, erms, clmul, bmi1, bmi2, adx, sha, fma, vzeroupper, clflush, clflushopt

Memory: 4k page, system-wide physical 7521M (250M free)
TotalPageFile size 31073M (AvailPageFile size 5M)
current process WorkingSet (physical memory assigned to process): 417M, peak: 417M
current process commit charge ("private bytes"): 458M, peak: 459M

vm_info: OpenJDK 64-Bit Server VM (17.0.6+0-b2043.56-10027231) for windows-amd64 JRE (17.0.6+0-b2043.56-10027231), built on Apr 28 2023 00:43:19 by "androidbuild" with MS VC++ 16.10 / 16.11 (VS2019)

END.
