#
# There is insufficient memory for the Java Runtime Environment to continue.
# Native memory allocation (malloc) failed to allocate 1048576 bytes for AllocateHeap
# Possible reasons:
#   The system is out of physical RAM or swap space
#   The process is running with CompressedOops enabled, and the Java Heap may be blocking the growth of the native heap
# Possible solutions:
#   Reduce memory load on the system
#   Increase physical memory or swap space
#   Check if swap backing store is full
#   Decrease Java heap size (-Xmx/-Xms)
#   Decrease number of Java threads
#   Decrease Java thread stack sizes (-Xss)
#   Set larger code cache with -XX:ReservedCodeCacheSize=
#   JVM is running with Unscaled Compressed Oops mode in which the Java heap is
#     placed in the first 4GB address space. The Java Heap base address is the
#     maximum limit for the native heap growth. Please use -XX:HeapBaseMinAddress
#     to set the Java Heap base and to place the Java Heap above 4GB virtual address.
# This output file may be truncated or incomplete.
#
#  Out of Memory Error (allocation.cpp:44), pid=26928, tid=900
#
# JRE version:  (17.0.6) (build )
# Java VM: OpenJDK 64-Bit Server VM (17.0.6+0-b2043.56-10027231, mixed mode, sharing, tiered, compressed oops, compressed class ptrs, g1 gc, windows-amd64)
# No core dump will be written. Minidumps are not enabled by default on client versions of Windows
#

---------------  S U M M A R Y ------------

Command Line: org.jetbrains.kotlin.cli.jvm.K2JVMCompiler @C:\Users\OMER_\AndroidStudioProjects\project_aksis\app\build\20250308_15734771899255871675.compiler.options

Host: AMD Ryzen 5 5600H with Radeon Graphics         , 12 cores, 7G,  Windows 11 , 64 bit Build 22621 (10.0.22621.4830)
Time: Sat Mar  8 19:07:58 2025 Türkiye Standart Saati elapsed time: 0.007945 seconds (0d 0h 0m 0s)

---------------  T H R E A D  ---------------

Current thread (0x000001f31a75e540):  JavaThread "Unknown thread" [_thread_in_vm, id=900, stack(0x000000da48f00000,0x000000da49000000)]

Stack: [0x000000da48f00000,0x000000da49000000]
Native frames: (J=compiled Java code, j=interpreted, Vv=VM code, C=native code)
V  [jvm.dll+0x683c9a]
V  [jvm.dll+0x8427a4]
V  [jvm.dll+0x843f9e]
V  [jvm.dll+0x844603]
V  [jvm.dll+0x249b75]
V  [jvm.dll+0xa641f]
V  [jvm.dll+0x2e8e27]
V  [jvm.dll+0x2e0b3b]
V  [jvm.dll+0x814091]
V  [jvm.dll+0x36e6a1]
V  [jvm.dll+0x7f35cc]
V  [jvm.dll+0x3f0e8f]
V  [jvm.dll+0x3f29d1]
C  [jli.dll+0x526b]
C  [ucrtbase.dll+0x29333]
C  [KERNEL32.DLL+0x1259d]
C  [ntdll.dll+0x5af38]


---------------  P R O C E S S  ---------------

Threads class SMR info:
_java_thread_list=0x00007ffc92d1c058, length=0, elements={
}

Java Threads: ( => current thread )

Other Threads:
  0x000001f31a7b7680 GCTaskThread "GC Thread#0" [stack: 0x000000da49000000,0x000000da49100000] [id=20464]

[error occurred during error reporting (printing all threads), id 0xc0000005, EXCEPTION_ACCESS_VIOLATION (0xc0000005) at pc=0x00007ffc924cdd70]

VM state: not at safepoint (not fully initialized)

VM Mutex/Monitor currently owned by a thread:  ([mutex/lock_event])
[0x000001f31a75ba10] Heap_lock - owner thread: 0x000001f31a75e540

Heap address: 0x000000008a600000, size: 1882 MB, Compressed Oops mode: 32-bit

CDS archive(s) mapped at: [0x0000000000000000-0x0000000000000000-0x0000000000000000), size 0, SharedBaseAddress: 0x0000000800000000, ArchiveRelocationMode: 0.
Narrow klass base: 0x0000000000000000, Narrow klass shift: 0, Narrow klass range: 0x0

GC Precious Log:
<Empty>

Heap:
 garbage-first heap   total 0K, used 0K [0x000000008a600000, 0x0000000100000000)
  region size 1024K, 0 young (0K), 0 survivors (0K)

[error occurred during error reporting (printing heap information), id 0xc0000005, EXCEPTION_ACCESS_VIOLATION (0xc0000005) at pc=0x00007ffc928bda89]

GC Heap History (0 events):
No events

Dll operation events (1 events):
Event: 0.005 Loaded shared library C:\Program Files\Android\Android Studio\jbr\bin\java.dll

Deoptimization events (0 events):
No events

Classes unloaded (0 events):
No events

Classes redefined (0 events):
No events

Internal exceptions (0 events):
No events

VM Operations (0 events):
No events

Events (0 events):
No events


Dynamic libraries:
0x00007ff61f620000 - 0x00007ff61f62a000 	C:\Program Files\Android\Android Studio\jbr\bin\java.exe
0x00007ffce8450000 - 0x00007ffce8667000 	C:\Windows\SYSTEM32\ntdll.dll
0x00007ffce6a40000 - 0x00007ffce6b04000 	C:\Windows\System32\KERNEL32.DLL
0x00007ffce5d70000 - 0x00007ffce6140000 	C:\Windows\System32\KERNELBASE.dll
0x00007ffce5a70000 - 0x00007ffce5b81000 	C:\Windows\System32\ucrtbase.dll
0x00007ffcd3440000 - 0x00007ffcd3457000 	C:\Program Files\Android\Android Studio\jbr\bin\jli.dll
0x00007ffcd13d0000 - 0x00007ffcd13eb000 	C:\Program Files\Android\Android Studio\jbr\bin\VCRUNTIME140.dll
0x00007ffce62d0000 - 0x00007ffce647e000 	C:\Windows\System32\USER32.dll
0x00007ffce59c0000 - 0x00007ffce59e6000 	C:\Windows\System32\win32u.dll
0x00007ffcd30d0000 - 0x00007ffcd3362000 	C:\Windows\WinSxS\amd64_microsoft.windows.common-controls_6595b64144ccf1df_6.0.22621.4830_none_270fe7d773858e80\COMCTL32.dll
0x00007ffce6240000 - 0x00007ffce6269000 	C:\Windows\System32\GDI32.dll
0x00007ffce7fd0000 - 0x00007ffce8077000 	C:\Windows\System32\msvcrt.dll
0x00007ffce5c50000 - 0x00007ffce5d6b000 	C:\Windows\System32\gdi32full.dll
0x00007ffce5780000 - 0x00007ffce581a000 	C:\Windows\System32\msvcp_win.dll
0x00007ffce6510000 - 0x00007ffce6541000 	C:\Windows\System32\IMM32.DLL
0x00007ffce1800000 - 0x00007ffce180c000 	C:\Program Files\Android\Android Studio\jbr\bin\vcruntime140_1.dll
0x00007ffcb8190000 - 0x00007ffcb821d000 	C:\Program Files\Android\Android Studio\jbr\bin\msvcp140.dll
0x00007ffc921e0000 - 0x00007ffc92e4e000 	C:\Program Files\Android\Android Studio\jbr\bin\server\jvm.dll
0x00007ffce7510000 - 0x00007ffce75c1000 	C:\Windows\System32\ADVAPI32.dll
0x00007ffce67d0000 - 0x00007ffce6877000 	C:\Windows\System32\sechost.dll
0x00007ffce5820000 - 0x00007ffce5848000 	C:\Windows\System32\bcrypt.dll
0x00007ffce66b0000 - 0x00007ffce67c4000 	C:\Windows\System32\RPCRT4.dll
0x00007ffcbed30000 - 0x00007ffcbed39000 	C:\Windows\SYSTEM32\WSOCK32.dll
0x00007ffce1200000 - 0x00007ffce120a000 	C:\Windows\SYSTEM32\VERSION.dll
0x00007ffce1720000 - 0x00007ffce1754000 	C:\Windows\SYSTEM32\WINMM.dll
0x00007ffce6490000 - 0x00007ffce6501000 	C:\Windows\System32\WS2_32.dll
0x00007ffce4740000 - 0x00007ffce4758000 	C:\Windows\SYSTEM32\kernel.appcore.dll
0x00007ffce26c0000 - 0x00007ffce26ca000 	C:\Program Files\Android\Android Studio\jbr\bin\jimage.dll
0x00007ffcdd9c0000 - 0x00007ffcddbf2000 	C:\Windows\SYSTEM32\DBGHELP.DLL
0x00007ffce8080000 - 0x00007ffce8410000 	C:\Windows\System32\combase.dll
0x00007ffce6160000 - 0x00007ffce6237000 	C:\Windows\System32\OLEAUT32.dll
0x00007ffccbda0000 - 0x00007ffccbdd2000 	C:\Windows\SYSTEM32\dbgcore.DLL
0x00007ffce59f0000 - 0x00007ffce5a6b000 	C:\Windows\System32\bcryptPrimitives.dll
0x00007ffcd95b0000 - 0x00007ffcd95d5000 	C:\Program Files\Android\Android Studio\jbr\bin\java.dll

dbghelp: loaded successfully - version: 4.0.5 - missing functions: none
symbol engine: initialized successfully - sym options: 0x614 - pdb path: .;C:\Program Files\Android\Android Studio\jbr\bin;C:\Windows\SYSTEM32;C:\Windows\WinSxS\amd64_microsoft.windows.common-controls_6595b64144ccf1df_6.0.22621.4830_none_270fe7d773858e80;C:\Program Files\Android\Android Studio\jbr\bin\server

VM Arguments:
java_command: org.jetbrains.kotlin.cli.jvm.K2JVMCompiler @C:\Users\OMER_\AndroidStudioProjects\project_aksis\app\build\20250308_15734771899255871675.compiler.options
java_class_path (initial): C:\Users\OMER_\.gradle\caches\modules-2\files-2.1\org.jetbrains.kotlin\kotlin-compiler-embeddable\1.9.24\78dab849090e6c5e2eadb6e59a11cdc28fb67a08\kotlin-compiler-embeddable-1.9.24.jar;C:\Users\OMER_\.gradle\caches\modules-2\files-2.1\org.jetbrains.kotlin\kotlin-stdlib\1.9.24\9928532f12c66ad816a625b3f9984f8368ca6d2b\kotlin-stdlib-1.9.24.jar;C:\Users\OMER_\.gradle\caches\modules-2\files-2.1\org.jetbrains.kotlin\kotlin-script-runtime\1.9.24\96771497da90fbc5af1c90fce148db2595a62502\kotlin-script-runtime-1.9.24.jar;C:\Users\OMER_\.gradle\caches\modules-2\files-2.1\org.jetbrains.kotlin\kotlin-reflect\1.6.10\1cbe9c92c12a94eea200d23c2bbaedaf3daf5132\kotlin-reflect-1.6.10.jar;C:\Users\OMER_\.gradle\caches\modules-2\files-2.1\org.jetbrains.kotlin\kotlin-daemon-embeddable\1.9.24\86685b9c5e8d170925bd9ddbdc263374a6a73281\kotlin-daemon-embeddable-1.9.24.jar;C:\Users\OMER_\.gradle\caches\modules-2\files-2.1\org.jetbrains.intellij.deps\trove4j\1.0.20200330\3afb14d5f9ceb459d724e907a21145e8ff394f02\trove4j-1.0.20200330.jar;C:\Users\OMER_\.gradle\caches\modules-2\files-2.1\org.jetbrains\annotations\13.0\919f0dfe192fb4e063e7dacadee7f8bb9a2672a9\annotations-13.0.jar
Launcher Type: SUN_STANDARD

[Global flags]
     intx CICompilerCount                          = 4                                         {product} {ergonomic}
     uint ConcGCThreads                            = 3                                         {product} {ergonomic}
     uint G1ConcRefinementThreads                  = 10                                        {product} {ergonomic}
   size_t G1HeapRegionSize                         = 1048576                                   {product} {ergonomic}
    uintx GCDrainStackTargetSize                   = 64                                        {product} {ergonomic}
   size_t InitialHeapSize                          = 123731968                                 {product} {ergonomic}
   size_t MarkStackSize                            = 4194304                                   {product} {ergonomic}
   size_t MaxHeapSize                              = 1973420032                                {product} {ergonomic}
   size_t MinHeapDeltaBytes                        = 1048576                                   {product} {ergonomic}
   size_t MinHeapSize                              = 8388608                                   {product} {ergonomic}
    uintx NonNMethodCodeHeapSize                   = 5839372                                {pd product} {ergonomic}
    uintx NonProfiledCodeHeapSize                  = 122909434                              {pd product} {ergonomic}
    uintx ProfiledCodeHeapSize                     = 122909434                              {pd product} {ergonomic}
    uintx ReservedCodeCacheSize                    = 251658240                              {pd product} {ergonomic}
     bool SegmentedCodeCache                       = true                                      {product} {ergonomic}
   size_t SoftMaxHeapSize                          = 1973420032                             {manageable} {ergonomic}
     bool UseCompressedClassPointers               = true                           {product lp64_product} {ergonomic}
     bool UseCompressedOops                        = true                           {product lp64_product} {ergonomic}
     bool UseG1GC                                  = true                                      {product} {ergonomic}
     bool UseLargePagesIndividualAllocation        = false                                  {pd product} {ergonomic}

Logging:
Log output configuration:
 #0: stdout all=warning uptime,level,tags
 #1: stderr all=off uptime,level,tags

Environment Variables:
PATH=C:\Program Files\Common Files\Oracle\Java\javapath;C:\Program Files\Python38\Scripts\;C:\Program Files\Python38\;C:\Windows\system32;C:\Windows;C:\Windows\System32\Wbem;C:\Windows\System32\WindowsPowerShell\v1.0\;C:\Windows\System32\OpenSSH\;C:\Program Files (x86)\NVIDIA Corporation\PhysX\Common;C:\Program Files\Git\cmd;C:\Program Files\dotnet\;C:\Program Files (x86)\Windows Kits\10\Windows Performance Toolkit\;C:\Users\OMER_\AppData\Local\Programs\Python\Python312\Scripts\;C:\Users\OMER_\AppData\Local\Programs\Python\Python312\;C:\MinGW\bin;C:\Users\OMER_\AppData\Local\Microsoft\WindowsApps;C:\Users\OMER_\AppData\Local\Programs\Microsoft VS Code\bin;
USERNAME=OMER_
OS=Windows_NT
PROCESSOR_IDENTIFIER=AMD64 Family 25 Model 80 Stepping 0, AuthenticAMD
TMP=C:\Users\OMER_\AppData\Local\Temp
TEMP=C:\Users\OMER_\AppData\Local\Temp


JNI global refs:

[error occurred during error reporting (JNI global references), id 0xc0000005, EXCEPTION_ACCESS_VIOLATION (0xc0000005) at pc=0x00007ffc92297a10]


---------------  S Y S T E M  ---------------

OS:
 Windows 11 , 64 bit Build 22621 (10.0.22621.4830)
OS uptime: 2 days 19:06 hours

CPU: total 12 (initial active 12) (12 cores per cpu, 2 threads per core) family 25 model 80 stepping 0 microcode 0x0, cx8, cmov, fxsr, ht, mmx, 3dnowpref, sse, sse2, sse3, ssse3, sse4a, sse4.1, sse4.2, popcnt, lzcnt, tsc, tscinvbit, avx, avx2, aes, erms, clmul, bmi1, bmi2, adx, sha, fma, vzeroupper, clflush, clflushopt

Memory: 4k page, system-wide physical 7521M (308M free)
TotalPageFile size 31073M (AvailPageFile size 5M)
current process WorkingSet (physical memory assigned to process): 11M, peak: 11M
current process commit charge ("private bytes"): 57M, peak: 58M

vm_info: OpenJDK 64-Bit Server VM (17.0.6+0-b2043.56-10027231) for windows-amd64 JRE (17.0.6+0-b2043.56-10027231), built on Apr 28 2023 00:43:19 by "androidbuild" with MS VC++ 16.10 / 16.11 (VS2019)

END.
